<?xml version="1.0" encoding="UTF-8"?>
<!-- Generated by org.testng.reporters.JUnitReportReporter -->
<testsuite hostname="SHEFALI" name="com.TestNGscripts.WikiTestCase" tests="2" failures="0" timestamp="4 Sep 2020 14:40:45 GMT" time="7.386" errors="0">
  <testcase name="createAccount" time="6.310" classname="com.TestNGscripts.WikiTestCase"/>
  <testcase name="MainPage" time="1.076" classname="com.TestNGscripts.WikiTestCase"/>
</testsuite> <!-- com.TestNGscripts.WikiTestCase -->
