<?xml version="1.0" encoding="UTF-8"?>
<!-- Generated by org.testng.reporters.JUnitReportReporter -->
<testsuite hostname="SHEFALI" name="com.qa.demo.TestDemo" tests="1" failures="0" timestamp="2 Sep 2020 01:48:00 GMT" time="0.010" errors="0">
  <testcase name="method1" time="0.010" classname="com.qa.demo.TestDemo"/>
</testsuite> <!-- com.qa.demo.TestDemo -->
