<?xml version="1.0" encoding="UTF-8"?>
<!-- Generated by org.testng.reporters.JUnitReportReporter -->
<testsuite hostname="SHEFALI" name="com.TestNGscripts.AnnotationsandWikiTest" tests="2" failures="0" timestamp="7 Sep 2020 05:56:55 GMT" time="9.863" errors="0">
  <testcase name="MainPage" time="3.654" classname="com.TestNGscripts.AnnotationsandWikiTest"/>
  <testcase name="createAccount" time="6.209" classname="com.TestNGscripts.AnnotationsandWikiTest"/>
</testsuite> <!-- com.TestNGscripts.AnnotationsandWikiTest -->
